Starting AG News Topic Modeling at Tue 23 Dec 2025 11:34:25 PM EST

Total number of leaf nodes: 10000

Number of nodes at each level:
  Level 0: 1 node(s)
  Level 1: 2 node(s)
  Level 2: 6 node(s)
  Level 3: 16 node(s)
  Level 4: 40 node(s)
  Level 5: 96 node(s)
  Level 6: 220 node(s)
  Level 7: 514 node(s)
  Level 8: 1130 node(s)
  Level 9: 1949 node(s)
  Level 10: 2829 node(s)
  Level 11: 3363 node(s)
  Level 12: 2979 node(s)
  Level 13: 2070 node(s)
  Level 14: 1124 node(s)
  Level 15: 452 node(s)
  Level 16: 153 node(s)
  Level 17: 50 node(s)
  Level 18: 4 node(s)
Number of leaves at each level:
  Level 4: 1 lea(f/ves)
  Level 5: 6 lea(f/ves)
  Level 6: 16 lea(f/ves)
  Level 7: 68 lea(f/ves)
  Level 8: 345 lea(f/ves)
  Level 9: 818 lea(f/ves)
  Level 10: 1462 lea(f/ves)
  Level 11: 2115 lea(f/ves)
  Level 12: 2094 lea(f/ves)
  Level 13: 1583 lea(f/ves)
  Level 14: 927 lea(f/ves)
  Level 15: 384 lea(f/ves)
  Level 16: 129 lea(f/ves)
  Level 17: 48 lea(f/ves)
  Level 18: 4 lea(f/ves)

Parent nodes by number of children:
 4458 parent(s) with 2 child(ren)
 2137 parent(s) with 3 child(ren)
 351 parent(s) with 4 child(ren)
 48 parent(s) with 5 child(ren)
 3 parent(s) with 6 child(ren)
 1 parent(s) with 8 child(ren)
AG News Topic Modeling completed at Tue 23 Dec 2025 11:44:01 PM EST
