Starting ML ArXiv Topic Modeling at Tue 23 Dec 2025 11:34:25 PM EST

Total number of leaf nodes: 10000

Number of nodes at each level:
  Level 0: 1 node(s)
  Level 1: 3 node(s)
  Level 2: 8 node(s)
  Level 3: 24 node(s)
  Level 4: 67 node(s)
  Level 5: 169 node(s)
  Level 6: 416 node(s)
  Level 7: 963 node(s)
  Level 8: 1920 node(s)
  Level 9: 3107 node(s)
  Level 10: 3721 node(s)
  Level 11: 3247 node(s)
  Level 12: 1969 node(s)
  Level 13: 830 node(s)
  Level 14: 251 node(s)
  Level 15: 48 node(s)
  Level 16: 10 node(s)
Number of leaves at each level:
  Level 5: 6 lea(f/ves)
  Level 6: 46 lea(f/ves)
  Level 7: 235 lea(f/ves)
  Level 8: 721 lea(f/ves)
  Level 9: 1598 lea(f/ves)
  Level 10: 2405 lea(f/ves)
  Level 11: 2392 lea(f/ves)
  Level 12: 1600 lea(f/ves)
  Level 13: 715 lea(f/ves)
  Level 14: 229 lea(f/ves)
  Level 15: 43 lea(f/ves)
  Level 16: 10 lea(f/ves)

Parent nodes by number of children:
 4037 parent(s) with 2 child(ren)
 2237 parent(s) with 3 child(ren)
 434 parent(s) with 4 child(ren)
 45 parent(s) with 5 child(ren)
 1 parent(s) with 7 child(ren)
ML ArXiv Topic Modeling completed at Tue 23 Dec 2025 11:50:20 PM EST
