Starting Reuters RCV1 Incremental Topic Modeling at Thu 25 Dec 2025 10:17:28 PM EST

Total number of leaf nodes: 1980

Number of nodes at each level:
  Level 0: 1 node(s)
  Level 1: 3 node(s)
  Level 2: 9 node(s)
  Level 3: 30 node(s)
  Level 4: 113 node(s)
  Level 5: 427 node(s)
  Level 6: 1076 node(s)
  Level 7: 878 node(s)
  Level 8: 211 node(s)
  Level 9: 35 node(s)
  Level 10: 23 node(s)
  Level 11: 2 node(s)
Number of leaves at each level:
  Level 4: 20 lea(f/ves)
  Level 5: 144 lea(f/ves)
  Level 6: 775 lea(f/ves)
  Level 7: 791 lea(f/ves)
  Level 8: 200 lea(f/ves)
  Level 9: 26 lea(f/ves)
  Level 10: 22 lea(f/ves)
  Level 11: 2 lea(f/ves)

Parent nodes by number of children:
 298 parent(s) with 2 child(ren)
 252 parent(s) with 3 child(ren)
 104 parent(s) with 4 child(ren)
 84 parent(s) with 5 child(ren)
 45 parent(s) with 6 child(ren)
 24 parent(s) with 7 child(ren)
 14 parent(s) with 8 child(ren)
 2 parent(s) with 9 child(ren)
 4 parent(s) with 10 child(ren)
 1 parent(s) with 11 child(ren)
9

Total number of leaf nodes: 2103

Number of nodes at each level:
  Level 0: 1 node(s)
  Level 1: 3 node(s)
  Level 2: 9 node(s)
  Level 3: 29 node(s)
  Level 4: 106 node(s)
  Level 5: 428 node(s)
  Level 6: 1160 node(s)
  Level 7: 943 node(s)
  Level 8: 246 node(s)
  Level 9: 38 node(s)
  Level 10: 13 node(s)
Number of leaves at each level:
  Level 4: 12 lea(f/ves)
  Level 5: 129 lea(f/ves)
  Level 6: 840 lea(f/ves)
  Level 7: 843 lea(f/ves)
  Level 8: 233 lea(f/ves)
  Level 9: 33 lea(f/ves)
  Level 10: 13 lea(f/ves)

Parent nodes by number of children:
 306 parent(s) with 2 child(ren)
 268 parent(s) with 3 child(ren)
 115 parent(s) with 4 child(ren)
 89 parent(s) with 5 child(ren)
 46 parent(s) with 6 child(ren)
 26 parent(s) with 7 child(ren)
 17 parent(s) with 8 child(ren)
 2 parent(s) with 9 child(ren)
 3 parent(s) with 10 child(ren)
 1 parent(s) with 12 child(ren)
9

Total number of leaf nodes: 2227

Number of nodes at each level:
  Level 0: 1 node(s)
  Level 1: 3 node(s)
  Level 2: 9 node(s)
  Level 3: 27 node(s)
  Level 4: 99 node(s)
  Level 5: 382 node(s)
  Level 6: 1152 node(s)
  Level 7: 1065 node(s)
  Level 8: 334 node(s)
  Level 9: 73 node(s)
  Level 10: 13 node(s)
Number of leaves at each level:
  Level 4: 10 lea(f/ves)
  Level 5: 98 lea(f/ves)
  Level 6: 796 lea(f/ves)
  Level 7: 934 lea(f/ves)
  Level 8: 308 lea(f/ves)
  Level 9: 68 lea(f/ves)
  Level 10: 13 lea(f/ves)

Parent nodes by number of children:
 323 parent(s) with 2 child(ren)
 294 parent(s) with 3 child(ren)
 121 parent(s) with 4 child(ren)
 95 parent(s) with 5 child(ren)
 48 parent(s) with 6 child(ren)
 30 parent(s) with 7 child(ren)
 14 parent(s) with 8 child(ren)
 2 parent(s) with 9 child(ren)
 3 parent(s) with 10 child(ren)
 1 parent(s) with 12 child(ren)
9

Total number of leaf nodes: 2349

Number of nodes at each level:
  Level 0: 1 node(s)
  Level 1: 3 node(s)
  Level 2: 9 node(s)
  Level 3: 27 node(s)
  Level 4: 98 node(s)
  Level 5: 386 node(s)
  Level 6: 1154 node(s)
  Level 7: 1173 node(s)
  Level 8: 388 node(s)
  Level 9: 76 node(s)
  Level 10: 11 node(s)
Number of leaves at each level:
  Level 4: 10 lea(f/ves)
  Level 5: 109 lea(f/ves)
  Level 6: 767 lea(f/ves)
  Level 7: 1020 lea(f/ves)
  Level 8: 360 lea(f/ves)
  Level 9: 72 lea(f/ves)
  Level 10: 11 lea(f/ves)

Parent nodes by number of children:
 341 parent(s) with 2 child(ren)
 308 parent(s) with 3 child(ren)
 120 parent(s) with 4 child(ren)
 107 parent(s) with 5 child(ren)
 51 parent(s) with 6 child(ren)
 23 parent(s) with 7 child(ren)
 15 parent(s) with 8 child(ren)
 6 parent(s) with 9 child(ren)
 4 parent(s) with 10 child(ren)
 1 parent(s) with 11 child(ren)
 1 parent(s) with 12 child(ren)
9

Total number of leaf nodes: 2474

Number of nodes at each level:
  Level 0: 1 node(s)
  Level 1: 3 node(s)
  Level 2: 9 node(s)
  Level 3: 26 node(s)
  Level 4: 91 node(s)
  Level 5: 367 node(s)
  Level 6: 1131 node(s)
  Level 7: 1328 node(s)
  Level 8: 475 node(s)
  Level 9: 75 node(s)
  Level 10: 8 node(s)
Number of leaves at each level:
  Level 4: 8 lea(f/ves)
  Level 5: 99 lea(f/ves)
  Level 6: 705 lea(f/ves)
  Level 7: 1137 lea(f/ves)
  Level 8: 446 lea(f/ves)
  Level 9: 71 lea(f/ves)
  Level 10: 8 lea(f/ves)

Parent nodes by number of children:
 373 parent(s) with 2 child(ren)
 333 parent(s) with 3 child(ren)
 121 parent(s) with 4 child(ren)
 109 parent(s) with 5 child(ren)
 47 parent(s) with 6 child(ren)
 29 parent(s) with 7 child(ren)
 14 parent(s) with 8 child(ren)
 4 parent(s) with 9 child(ren)
 7 parent(s) with 10 child(ren)
 1 parent(s) with 11 child(ren)
 1 parent(s) with 12 child(ren)
 1 parent(s) with 13 child(ren)
9

Total number of leaf nodes: 2598

Number of nodes at each level:
  Level 0: 1 node(s)
  Level 1: 3 node(s)
  Level 2: 9 node(s)
  Level 3: 26 node(s)
  Level 4: 89 node(s)
  Level 5: 368 node(s)
  Level 6: 1155 node(s)
  Level 7: 1420 node(s)
  Level 8: 529 node(s)
  Level 9: 86 node(s)
  Level 10: 10 node(s)
Number of leaves at each level:
  Level 4: 5 lea(f/ves)
  Level 5: 99 lea(f/ves)
  Level 6: 697 lea(f/ves)
  Level 7: 1211 lea(f/ves)
  Level 8: 495 lea(f/ves)
  Level 9: 81 lea(f/ves)
  Level 10: 10 lea(f/ves)

Parent nodes by number of children:
 400 parent(s) with 2 child(ren)
 347 parent(s) with 3 child(ren)
 130 parent(s) with 4 child(ren)
 109 parent(s) with 5 child(ren)
 56 parent(s) with 6 child(ren)
 29 parent(s) with 7 child(ren)
 12 parent(s) with 8 child(ren)
 7 parent(s) with 9 child(ren)
 4 parent(s) with 10 child(ren)
 1 parent(s) with 11 child(ren)
 1 parent(s) with 12 child(ren)
 1 parent(s) with 13 child(ren)
 1 parent(s) with 15 child(ren)
9

Total number of leaf nodes: 2723

Number of nodes at each level:
  Level 0: 1 node(s)
  Level 1: 3 node(s)
  Level 2: 9 node(s)
  Level 3: 26 node(s)
  Level 4: 88 node(s)
  Level 5: 363 node(s)
  Level 6: 1158 node(s)
  Level 7: 1464 node(s)
  Level 8: 609 node(s)
  Level 9: 133 node(s)
  Level 10: 19 node(s)
  Level 11: 4 node(s)
Number of leaves at each level:
  Level 4: 4 lea(f/ves)
  Level 5: 97 lea(f/ves)
  Level 6: 687 lea(f/ves)
  Level 7: 1233 lea(f/ves)
  Level 8: 555 lea(f/ves)
  Level 9: 126 lea(f/ves)
  Level 10: 17 lea(f/ves)
  Level 11: 4 lea(f/ves)

Parent nodes by number of children:
 427 parent(s) with 2 child(ren)
 358 parent(s) with 3 child(ren)
 135 parent(s) with 4 child(ren)
 118 parent(s) with 5 child(ren)
 55 parent(s) with 6 child(ren)
 35 parent(s) with 7 child(ren)
 10 parent(s) with 8 child(ren)
 8 parent(s) with 9 child(ren)
 4 parent(s) with 10 child(ren)
 1 parent(s) with 11 child(ren)
 1 parent(s) with 12 child(ren)
 1 parent(s) with 13 child(ren)
 1 parent(s) with 15 child(ren)
9

Total number of leaf nodes: 2838

Number of nodes at each level:
  Level 0: 1 node(s)
  Level 1: 3 node(s)
  Level 2: 9 node(s)
  Level 3: 26 node(s)
  Level 4: 89 node(s)
  Level 5: 354 node(s)
  Level 6: 1181 node(s)
  Level 7: 1538 node(s)
  Level 8: 682 node(s)
  Level 9: 146 node(s)
  Level 10: 10 node(s)
Number of leaves at each level:
  Level 4: 5 lea(f/ves)
  Level 5: 89 lea(f/ves)
  Level 6: 694 lea(f/ves)
  Level 7: 1278 lea(f/ves)
  Level 8: 621 lea(f/ves)
  Level 9: 141 lea(f/ves)
  Level 10: 10 lea(f/ves)

Parent nodes by number of children:
 451 parent(s) with 2 child(ren)
 368 parent(s) with 3 child(ren)
 143 parent(s) with 4 child(ren)
 113 parent(s) with 5 child(ren)
 63 parent(s) with 6 child(ren)
 34 parent(s) with 7 child(ren)
 12 parent(s) with 8 child(ren)
 6 parent(s) with 9 child(ren)
 4 parent(s) with 10 child(ren)
 2 parent(s) with 11 child(ren)
 2 parent(s) with 12 child(ren)
 1 parent(s) with 13 child(ren)
 2 parent(s) with 15 child(ren)
9

Total number of leaf nodes: 2963

Number of nodes at each level:
  Level 0: 1 node(s)
  Level 1: 3 node(s)
  Level 2: 9 node(s)
  Level 3: 26 node(s)
  Level 4: 87 node(s)
  Level 5: 344 node(s)
  Level 6: 1169 node(s)
  Level 7: 1606 node(s)
  Level 8: 746 node(s)
  Level 9: 190 node(s)
  Level 10: 33 node(s)
  Level 11: 5 node(s)
  Level 12: 2 node(s)
Number of leaves at each level:
  Level 4: 4 lea(f/ves)
  Level 5: 83 lea(f/ves)
  Level 6: 663 lea(f/ves)
  Level 7: 1328 lea(f/ves)
  Level 8: 671 lea(f/ves)
  Level 9: 177 lea(f/ves)
  Level 10: 31 lea(f/ves)
  Level 11: 4 lea(f/ves)
  Level 12: 2 lea(f/ves)

Parent nodes by number of children:
 462 parent(s) with 2 child(ren)
 394 parent(s) with 3 child(ren)
 159 parent(s) with 4 child(ren)
 117 parent(s) with 5 child(ren)
 60 parent(s) with 6 child(ren)
 35 parent(s) with 7 child(ren)
 13 parent(s) with 8 child(ren)
 8 parent(s) with 9 child(ren)
 5 parent(s) with 10 child(ren)
 2 parent(s) with 11 child(ren)
 1 parent(s) with 12 child(ren)
 1 parent(s) with 13 child(ren)
 1 parent(s) with 15 child(ren)
9

Total number of leaf nodes: 3088

Number of nodes at each level:
  Level 0: 1 node(s)
  Level 1: 3 node(s)
  Level 2: 9 node(s)
  Level 3: 26 node(s)
  Level 4: 87 node(s)
  Level 5: 348 node(s)
  Level 6: 1162 node(s)
  Level 7: 1649 node(s)
  Level 8: 859 node(s)
  Level 9: 220 node(s)
  Level 10: 31 node(s)
  Level 11: 2 node(s)
Number of leaves at each level:
  Level 4: 4 lea(f/ves)
  Level 5: 84 lea(f/ves)
  Level 6: 650 lea(f/ves)
  Level 7: 1341 lea(f/ves)
  Level 8: 769 lea(f/ves)
  Level 9: 208 lea(f/ves)
  Level 10: 30 lea(f/ves)
  Level 11: 2 lea(f/ves)

Parent nodes by number of children:
 479 parent(s) with 2 child(ren)
 411 parent(s) with 3 child(ren)
 165 parent(s) with 4 child(ren)
 119 parent(s) with 5 child(ren)
 63 parent(s) with 6 child(ren)
 35 parent(s) with 7 child(ren)
 21 parent(s) with 8 child(ren)
 10 parent(s) with 9 child(ren)
 2 parent(s) with 10 child(ren)
 2 parent(s) with 11 child(ren)
 1 parent(s) with 12 child(ren)
 1 parent(s) with 15 child(ren)
9

Total number of leaf nodes: 3211

Number of nodes at each level:
  Level 0: 1 node(s)
  Level 1: 3 node(s)
  Level 2: 9 node(s)
  Level 3: 26 node(s)
  Level 4: 87 node(s)
  Level 5: 344 node(s)
  Level 6: 1168 node(s)
  Level 7: 1702 node(s)
  Level 8: 962 node(s)
  Level 9: 242 node(s)
  Level 10: 25 node(s)
  Level 11: 2 node(s)
Number of leaves at each level:
  Level 4: 4 lea(f/ves)
  Level 5: 85 lea(f/ves)
  Level 6: 641 lea(f/ves)
  Level 7: 1358 lea(f/ves)
  Level 8: 865 lea(f/ves)
  Level 9: 232 lea(f/ves)
  Level 10: 24 lea(f/ves)
  Level 11: 2 lea(f/ves)

Parent nodes by number of children:
 495 parent(s) with 2 child(ren)
 427 parent(s) with 3 child(ren)
 173 parent(s) with 4 child(ren)
 123 parent(s) with 5 child(ren)
 68 parent(s) with 6 child(ren)
 36 parent(s) with 7 child(ren)
 21 parent(s) with 8 child(ren)
 10 parent(s) with 9 child(ren)
 4 parent(s) with 10 child(ren)
 2 parent(s) with 11 child(ren)
 1 parent(s) with 12 child(ren)
9

Total number of leaf nodes: 3336

Number of nodes at each level:
  Level 0: 1 node(s)
  Level 1: 3 node(s)
  Level 2: 9 node(s)
  Level 3: 26 node(s)
  Level 4: 88 node(s)
  Level 5: 341 node(s)
  Level 6: 1174 node(s)
  Level 7: 1785 node(s)
  Level 8: 1035 node(s)
  Level 9: 268 node(s)
  Level 10: 30 node(s)
  Level 11: 2 node(s)
Number of leaves at each level:
  Level 4: 5 lea(f/ves)
  Level 5: 82 lea(f/ves)
  Level 6: 628 lea(f/ves)
  Level 7: 1408 lea(f/ves)
  Level 8: 927 lea(f/ves)
  Level 9: 255 lea(f/ves)
  Level 10: 29 lea(f/ves)
  Level 11: 2 lea(f/ves)

Parent nodes by number of children:
 537 parent(s) with 2 child(ren)
 433 parent(s) with 3 child(ren)
 179 parent(s) with 4 child(ren)
 128 parent(s) with 5 child(ren)
 71 parent(s) with 6 child(ren)
 43 parent(s) with 7 child(ren)
 19 parent(s) with 8 child(ren)
 10 parent(s) with 9 child(ren)
 3 parent(s) with 10 child(ren)
 3 parent(s) with 11 child(ren)
9

Total number of leaf nodes: 3460

Number of nodes at each level:
  Level 0: 1 node(s)
  Level 1: 3 node(s)
  Level 2: 9 node(s)
  Level 3: 26 node(s)
  Level 4: 86 node(s)
  Level 5: 333 node(s)
  Level 6: 1200 node(s)
  Level 7: 1861 node(s)
  Level 8: 1092 node(s)
  Level 9: 275 node(s)
  Level 10: 42 node(s)
  Level 11: 7 node(s)
Number of leaves at each level:
  Level 4: 5 lea(f/ves)
  Level 5: 72 lea(f/ves)
  Level 6: 635 lea(f/ves)
  Level 7: 1465 lea(f/ves)
  Level 8: 978 lea(f/ves)
  Level 9: 259 lea(f/ves)
  Level 10: 39 lea(f/ves)
  Level 11: 7 lea(f/ves)

Parent nodes by number of children:
 557 parent(s) with 2 child(ren)
 447 parent(s) with 3 child(ren)
 184 parent(s) with 4 child(ren)
 132 parent(s) with 5 child(ren)
 69 parent(s) with 6 child(ren)
 52 parent(s) with 7 child(ren)
 17 parent(s) with 8 child(ren)
 6 parent(s) with 9 child(ren)
 6 parent(s) with 10 child(ren)
 5 parent(s) with 11 child(ren)
9

Total number of leaf nodes: 3584

Number of nodes at each level:
  Level 0: 1 node(s)
  Level 1: 3 node(s)
  Level 2: 9 node(s)
  Level 3: 27 node(s)
  Level 4: 91 node(s)
  Level 5: 350 node(s)
  Level 6: 1195 node(s)
  Level 7: 1903 node(s)
  Level 8: 1147 node(s)
  Level 9: 329 node(s)
  Level 10: 49 node(s)
  Level 11: 12 node(s)
Number of leaves at each level:
  Level 4: 5 lea(f/ves)
  Level 5: 85 lea(f/ves)
  Level 6: 619 lea(f/ves)
  Level 7: 1493 lea(f/ves)
  Level 8: 1016 lea(f/ves)
  Level 9: 310 lea(f/ves)
  Level 10: 44 lea(f/ves)
  Level 11: 12 lea(f/ves)

Parent nodes by number of children:
 569 parent(s) with 2 child(ren)
 484 parent(s) with 3 child(ren)
 180 parent(s) with 4 child(ren)
 140 parent(s) with 5 child(ren)
 72 parent(s) with 6 child(ren)
 53 parent(s) with 7 child(ren)
 18 parent(s) with 8 child(ren)
 7 parent(s) with 9 child(ren)
 5 parent(s) with 10 child(ren)
 3 parent(s) with 11 child(ren)
 1 parent(s) with 12 child(ren)
9

Total number of leaf nodes: 3708

Number of nodes at each level:
  Level 0: 1 node(s)
  Level 1: 3 node(s)
  Level 2: 9 node(s)
  Level 3: 26 node(s)
  Level 4: 84 node(s)
  Level 5: 327 node(s)
  Level 6: 1198 node(s)
  Level 7: 1975 node(s)
  Level 8: 1221 node(s)
  Level 9: 373 node(s)
  Level 10: 61 node(s)
  Level 11: 12 node(s)
Number of leaves at each level:
  Level 4: 3 lea(f/ves)
  Level 5: 65 lea(f/ves)
  Level 6: 611 lea(f/ves)
  Level 7: 1537 lea(f/ves)
  Level 8: 1075 lea(f/ves)
  Level 9: 349 lea(f/ves)
  Level 10: 56 lea(f/ves)
  Level 11: 12 lea(f/ves)

Parent nodes by number of children:
 581 parent(s) with 2 child(ren)
 508 parent(s) with 3 child(ren)
 182 parent(s) with 4 child(ren)
 142 parent(s) with 5 child(ren)
 84 parent(s) with 6 child(ren)
 51 parent(s) with 7 child(ren)
 16 parent(s) with 8 child(ren)
 10 parent(s) with 9 child(ren)
 4 parent(s) with 10 child(ren)
 2 parent(s) with 11 child(ren)
 2 parent(s) with 12 child(ren)
9

Total number of leaf nodes: 3827

Number of nodes at each level:
  Level 0: 1 node(s)
  Level 1: 3 node(s)
  Level 2: 9 node(s)
  Level 3: 26 node(s)
  Level 4: 83 node(s)
  Level 5: 316 node(s)
  Level 6: 1174 node(s)
  Level 7: 2011 node(s)
  Level 8: 1305 node(s)
  Level 9: 442 node(s)
  Level 10: 83 node(s)
  Level 11: 12 node(s)
Number of leaves at each level:
  Level 4: 3 lea(f/ves)
  Level 5: 60 lea(f/ves)
  Level 6: 581 lea(f/ves)
  Level 7: 1548 lea(f/ves)
  Level 8: 1135 lea(f/ves)
  Level 9: 410 lea(f/ves)
  Level 10: 78 lea(f/ves)
  Level 11: 12 lea(f/ves)

Parent nodes by number of children:
 594 parent(s) with 2 child(ren)
 534 parent(s) with 3 child(ren)
 195 parent(s) with 4 child(ren)
 148 parent(s) with 5 child(ren)
 84 parent(s) with 6 child(ren)
 46 parent(s) with 7 child(ren)
 19 parent(s) with 8 child(ren)
 10 parent(s) with 9 child(ren)
 3 parent(s) with 10 child(ren)
 4 parent(s) with 11 child(ren)
 1 parent(s) with 12 child(ren)
9

Total number of leaf nodes: 3952

Number of nodes at each level:
  Level 0: 1 node(s)
  Level 1: 3 node(s)
  Level 2: 9 node(s)
  Level 3: 26 node(s)
  Level 4: 84 node(s)
  Level 5: 321 node(s)
  Level 6: 1188 node(s)
  Level 7: 2015 node(s)
  Level 8: 1388 node(s)
  Level 9: 477 node(s)
  Level 10: 104 node(s)
  Level 11: 22 node(s)
  Level 12: 5 node(s)
Number of leaves at each level:
  Level 4: 3 lea(f/ves)
  Level 5: 58 lea(f/ves)
  Level 6: 603 lea(f/ves)
  Level 7: 1525 lea(f/ves)
  Level 8: 1205 lea(f/ves)
  Level 9: 438 lea(f/ves)
  Level 10: 95 lea(f/ves)
  Level 11: 20 lea(f/ves)
  Level 12: 5 lea(f/ves)

Parent nodes by number of children:
 616 parent(s) with 2 child(ren)
 551 parent(s) with 3 child(ren)
 201 parent(s) with 4 child(ren)
 147 parent(s) with 5 child(ren)
 91 parent(s) with 6 child(ren)
 47 parent(s) with 7 child(ren)
 17 parent(s) with 8 child(ren)
 11 parent(s) with 9 child(ren)
 3 parent(s) with 10 child(ren)
 6 parent(s) with 11 child(ren)
 1 parent(s) with 12 child(ren)
9

Total number of leaf nodes: 4076

Number of nodes at each level:
  Level 0: 1 node(s)
  Level 1: 3 node(s)
  Level 2: 9 node(s)
  Level 3: 26 node(s)
  Level 4: 86 node(s)
  Level 5: 331 node(s)
  Level 6: 1208 node(s)
  Level 7: 2059 node(s)
  Level 8: 1435 node(s)
  Level 9: 505 node(s)
  Level 10: 111 node(s)
  Level 11: 32 node(s)
  Level 12: 7 node(s)
Number of leaves at each level:
  Level 4: 3 lea(f/ves)
  Level 5: 62 lea(f/ves)
  Level 6: 611 lea(f/ves)
  Level 7: 1561 lea(f/ves)
  Level 8: 1240 lea(f/ves)
  Level 9: 464 lea(f/ves)
  Level 10: 99 lea(f/ves)
  Level 11: 29 lea(f/ves)
  Level 12: 7 lea(f/ves)

Parent nodes by number of children:
 627 parent(s) with 2 child(ren)
 568 parent(s) with 3 child(ren)
 203 parent(s) with 4 child(ren)
 156 parent(s) with 5 child(ren)
 98 parent(s) with 6 child(ren)
 43 parent(s) with 7 child(ren)
 21 parent(s) with 8 child(ren)
 10 parent(s) with 9 child(ren)
 7 parent(s) with 10 child(ren)
 3 parent(s) with 11 child(ren)
 1 parent(s) with 12 child(ren)
9

Total number of leaf nodes: 4200

Number of nodes at each level:
  Level 0: 1 node(s)
  Level 1: 3 node(s)
  Level 2: 9 node(s)
  Level 3: 26 node(s)
  Level 4: 84 node(s)
  Level 5: 320 node(s)
  Level 6: 1189 node(s)
  Level 7: 2155 node(s)
  Level 8: 1548 node(s)
  Level 9: 527 node(s)
  Level 10: 100 node(s)
  Level 11: 19 node(s)
  Level 12: 5 node(s)
Number of leaves at each level:
  Level 4: 3 lea(f/ves)
  Level 5: 58 lea(f/ves)
  Level 6: 576 lea(f/ves)
  Level 7: 1617 lea(f/ves)
  Level 8: 1342 lea(f/ves)
  Level 9: 489 lea(f/ves)
  Level 10: 93 lea(f/ves)
  Level 11: 17 lea(f/ves)
  Level 12: 5 lea(f/ves)

Parent nodes by number of children:
 640 parent(s) with 2 child(ren)
 577 parent(s) with 3 child(ren)
 227 parent(s) with 4 child(ren)
 154 parent(s) with 5 child(ren)
 103 parent(s) with 6 child(ren)
 41 parent(s) with 7 child(ren)
 22 parent(s) with 8 child(ren)
 11 parent(s) with 9 child(ren)
 6 parent(s) with 10 child(ren)
 4 parent(s) with 11 child(ren)
 1 parent(s) with 12 child(ren)
9

Total number of leaf nodes: 4325

Number of nodes at each level:
  Level 0: 1 node(s)
  Level 1: 3 node(s)
  Level 2: 9 node(s)
  Level 3: 26 node(s)
  Level 4: 83 node(s)
  Level 5: 323 node(s)
  Level 6: 1202 node(s)
  Level 7: 2210 node(s)
  Level 8: 1588 node(s)
  Level 9: 579 node(s)
  Level 10: 121 node(s)
  Level 11: 15 node(s)
  Level 12: 8 node(s)
  Level 13: 2 node(s)
Number of leaves at each level:
  Level 4: 3 lea(f/ves)
  Level 5: 54 lea(f/ves)
  Level 6: 574 lea(f/ves)
  Level 7: 1661 lea(f/ves)
  Level 8: 1365 lea(f/ves)
  Level 9: 531 lea(f/ves)
  Level 10: 115 lea(f/ves)
  Level 11: 13 lea(f/ves)
  Level 12: 7 lea(f/ves)
  Level 13: 2 lea(f/ves)

Parent nodes by number of children:
 661 parent(s) with 2 child(ren)
 600 parent(s) with 3 child(ren)
 233 parent(s) with 4 child(ren)
 161 parent(s) with 5 child(ren)
 99 parent(s) with 6 child(ren)
 47 parent(s) with 7 child(ren)
 25 parent(s) with 8 child(ren)
 8 parent(s) with 9 child(ren)
 7 parent(s) with 10 child(ren)
 3 parent(s) with 11 child(ren)
 1 parent(s) with 12 child(ren)
9

Total number of leaf nodes: 4450

Number of nodes at each level:
  Level 0: 1 node(s)
  Level 1: 3 node(s)
  Level 2: 9 node(s)
  Level 3: 26 node(s)
  Level 4: 80 node(s)
  Level 5: 309 node(s)
  Level 6: 1166 node(s)
  Level 7: 2260 node(s)
  Level 8: 1686 node(s)
  Level 9: 603 node(s)
  Level 10: 171 node(s)
  Level 11: 32 node(s)
  Level 12: 2 node(s)
Number of leaves at each level:
  Level 4: 3 lea(f/ves)
  Level 5: 50 lea(f/ves)
  Level 6: 528 lea(f/ves)
  Level 7: 1678 lea(f/ves)
  Level 8: 1461 lea(f/ves)
  Level 9: 538 lea(f/ves)
  Level 10: 159 lea(f/ves)
  Level 11: 31 lea(f/ves)
  Level 12: 2 lea(f/ves)

Parent nodes by number of children:
 683 parent(s) with 2 child(ren)
 617 parent(s) with 3 child(ren)
 240 parent(s) with 4 child(ren)
 158 parent(s) with 5 child(ren)
 102 parent(s) with 6 child(ren)
 54 parent(s) with 7 child(ren)
 23 parent(s) with 8 child(ren)
 9 parent(s) with 9 child(ren)
 9 parent(s) with 10 child(ren)
 1 parent(s) with 11 child(ren)
 2 parent(s) with 12 child(ren)
9

Total number of leaf nodes: 4575

Number of nodes at each level:
  Level 0: 1 node(s)
  Level 1: 3 node(s)
  Level 2: 9 node(s)
  Level 3: 26 node(s)
  Level 4: 80 node(s)
  Level 5: 303 node(s)
  Level 6: 1161 node(s)
  Level 7: 2294 node(s)
  Level 8: 1799 node(s)
  Level 9: 664 node(s)
  Level 10: 168 node(s)
  Level 11: 23 node(s)
Number of leaves at each level:
  Level 4: 3 lea(f/ves)
  Level 5: 46 lea(f/ves)
  Level 6: 519 lea(f/ves)
  Level 7: 1679 lea(f/ves)
  Level 8: 1548 lea(f/ves)
  Level 9: 598 lea(f/ves)
  Level 10: 159 lea(f/ves)
  Level 11: 23 lea(f/ves)

Parent nodes by number of children:
 708 parent(s) with 2 child(ren)
 642 parent(s) with 3 child(ren)
 234 parent(s) with 4 child(ren)
 166 parent(s) with 5 child(ren)
 106 parent(s) with 6 child(ren)
 53 parent(s) with 7 child(ren)
 23 parent(s) with 8 child(ren)
 14 parent(s) with 9 child(ren)
 7 parent(s) with 10 child(ren)
 1 parent(s) with 11 child(ren)
 2 parent(s) with 12 child(ren)
9

Total number of leaf nodes: 4583

Number of nodes at each level:
  Level 0: 1 node(s)
  Level 1: 3 node(s)
  Level 2: 9 node(s)
  Level 3: 26 node(s)
  Level 4: 80 node(s)
  Level 5: 303 node(s)
  Level 6: 1162 node(s)
  Level 7: 2298 node(s)
  Level 8: 1807 node(s)
  Level 9: 660 node(s)
  Level 10: 166 node(s)
  Level 11: 23 node(s)
Number of leaves at each level:
  Level 4: 3 lea(f/ves)
  Level 5: 46 lea(f/ves)
  Level 6: 520 lea(f/ves)
  Level 7: 1682 lea(f/ves)
  Level 8: 1557 lea(f/ves)
  Level 9: 595 lea(f/ves)
  Level 10: 157 lea(f/ves)
  Level 11: 23 lea(f/ves)

Parent nodes by number of children:
 704 parent(s) with 2 child(ren)
 643 parent(s) with 3 child(ren)
 234 parent(s) with 4 child(ren)
 169 parent(s) with 5 child(ren)
 104 parent(s) with 6 child(ren)
 54 parent(s) with 7 child(ren)
 22 parent(s) with 8 child(ren)
 14 parent(s) with 9 child(ren)
 8 parent(s) with 10 child(ren)
 1 parent(s) with 11 child(ren)
 2 parent(s) with 12 child(ren)
9
Reuters RCV1 Incremental Topic Modeling completed at Fri 26 Dec 2025 12:18:37 AM EST
