Starting Reuters Topic Modeling at Mon 22 Dec 2025 11:52:30 AM EST

Total number of leaf nodes: 10787

Number of nodes at each level:
  Level 0: 1 node(s)
  Level 1: 3 node(s)
  Level 2: 7 node(s)
  Level 3: 18 node(s)
  Level 4: 43 node(s)
  Level 5: 105 node(s)
  Level 6: 217 node(s)
  Level 7: 474 node(s)
  Level 8: 1031 node(s)
  Level 9: 2033 node(s)
  Level 10: 3173 node(s)
  Level 11: 3894 node(s)
  Level 12: 3462 node(s)
  Level 13: 2210 node(s)
  Level 14: 1068 node(s)
  Level 15: 347 node(s)
  Level 16: 79 node(s)
  Level 17: 2 node(s)
Number of leaves at each level:
  Level 4: 1 lea(f/ves)
  Level 5: 15 lea(f/ves)
  Level 6: 23 lea(f/ves)
  Level 7: 66 lea(f/ves)
  Level 8: 244 lea(f/ves)
  Level 9: 790 lea(f/ves)
  Level 10: 1614 lea(f/ves)
  Level 11: 2448 lea(f/ves)
  Level 12: 2538 lea(f/ves)
  Level 13: 1748 lea(f/ves)
  Level 14: 910 lea(f/ves)
  Level 15: 310 lea(f/ves)
  Level 16: 78 lea(f/ves)
  Level 17: 2 lea(f/ves)

Parent nodes by number of children:
 4509 parent(s) with 2 child(ren)
 2402 parent(s) with 3 child(ren)
 409 parent(s) with 4 child(ren)
 54 parent(s) with 5 child(ren)
 6 parent(s) with 6 child(ren)
Model 0 (HDBSCAN) metrics: {'coherence_c_v': 0.6695714704689303, 'coherence_npmi': 0.1878727948204663, 'topic_diversity': 0.5925373134328358, 'inter_topic_similarity': 0.4867570996284485}
Model 1 (KMeans) metrics: {'coherence_c_v': 0.6528779850361134, 'coherence_npmi': 0.16328155292801924, 'topic_diversity': 0.54, 'inter_topic_similarity': 0.5179042816162109}
Model 2 (BERTopicCobwebWrapper) metrics: {'coherence_c_v': 0.6575963236533569, 'coherence_npmi': 0.16692945822449223, 'topic_diversity': 0.4419047619047619, 'inter_topic_similarity': 0.4301261901855469}
Reuters Topic Modeling completed at Mon 22 Dec 2025 12:04:25 PM EST
