Starting StackExchange Incremental Topic Modeling at Fri 26 Dec 2025 02:49:50 PM EST

Total number of leaf nodes: 750

Number of nodes at each level:
  Level 0: 1 node(s)
  Level 1: 5 node(s)
  Level 2: 23 node(s)
  Level 3: 164 node(s)
  Level 4: 556 node(s)
  Level 5: 251 node(s)
  Level 6: 28 node(s)
Number of leaves at each level:
  Level 3: 22 lea(f/ves)
  Level 4: 461 lea(f/ves)
  Level 5: 239 lea(f/ves)
  Level 6: 28 lea(f/ves)

Parent nodes by number of children:
 89 parent(s) with 2 child(ren)
 77 parent(s) with 3 child(ren)
 38 parent(s) with 4 child(ren)
 27 parent(s) with 5 child(ren)
 22 parent(s) with 6 child(ren)
 10 parent(s) with 7 child(ren)
 8 parent(s) with 8 child(ren)
 5 parent(s) with 9 child(ren)
 2 parent(s) with 10 child(ren)
5

Total number of leaf nodes: 875

Number of nodes at each level:
  Level 0: 1 node(s)
  Level 1: 5 node(s)
  Level 2: 21 node(s)
  Level 3: 132 node(s)
  Level 4: 557 node(s)
  Level 5: 413 node(s)
  Level 6: 62 node(s)
  Level 7: 6 node(s)
Number of leaves at each level:
  Level 3: 13 lea(f/ves)
  Level 4: 406 lea(f/ves)
  Level 5: 391 lea(f/ves)
  Level 6: 59 lea(f/ves)
  Level 7: 6 lea(f/ves)

Parent nodes by number of children:
 103 parent(s) with 2 child(ren)
 91 parent(s) with 3 child(ren)
 38 parent(s) with 4 child(ren)
 35 parent(s) with 5 child(ren)
 26 parent(s) with 6 child(ren)
 13 parent(s) with 7 child(ren)
 8 parent(s) with 8 child(ren)
 4 parent(s) with 9 child(ren)
 2 parent(s) with 10 child(ren)
 1 parent(s) with 11 child(ren)
 1 parent(s) with 12 child(ren)
5

Total number of leaf nodes: 1000

Number of nodes at each level:
  Level 0: 1 node(s)
  Level 1: 5 node(s)
  Level 2: 21 node(s)
  Level 3: 123 node(s)
  Level 4: 627 node(s)
  Level 5: 529 node(s)
  Level 6: 52 node(s)
  Level 7: 4 node(s)
Number of leaves at each level:
  Level 3: 7 lea(f/ves)
  Level 4: 431 lea(f/ves)
  Level 5: 508 lea(f/ves)
  Level 6: 50 lea(f/ves)
  Level 7: 4 lea(f/ves)

Parent nodes by number of children:
 120 parent(s) with 2 child(ren)
 102 parent(s) with 3 child(ren)
 40 parent(s) with 4 child(ren)
 35 parent(s) with 5 child(ren)
 27 parent(s) with 6 child(ren)
 14 parent(s) with 7 child(ren)
 9 parent(s) with 8 child(ren)
 7 parent(s) with 9 child(ren)
 5 parent(s) with 10 child(ren)
 2 parent(s) with 11 child(ren)
 1 parent(s) with 13 child(ren)
5

Total number of leaf nodes: 1125

Number of nodes at each level:
  Level 0: 1 node(s)
  Level 1: 5 node(s)
  Level 2: 21 node(s)
  Level 3: 114 node(s)
  Level 4: 627 node(s)
  Level 5: 646 node(s)
  Level 6: 99 node(s)
  Level 7: 23 node(s)
Number of leaves at each level:
  Level 3: 5 lea(f/ves)
  Level 4: 398 lea(f/ves)
  Level 5: 609 lea(f/ves)
  Level 6: 90 lea(f/ves)
  Level 7: 23 lea(f/ves)

Parent nodes by number of children:
 130 parent(s) with 2 child(ren)
 133 parent(s) with 3 child(ren)
 38 parent(s) with 4 child(ren)
 31 parent(s) with 5 child(ren)
 41 parent(s) with 6 child(ren)
 12 parent(s) with 7 child(ren)
 10 parent(s) with 8 child(ren)
 6 parent(s) with 9 child(ren)
 6 parent(s) with 10 child(ren)
 3 parent(s) with 11 child(ren)
 1 parent(s) with 12 child(ren)
5
