Starting 20 NewsGroups Topic Modeling at Sun 21 Dec 2025 06:13:12 AM EST

Total number of leaf nodes: 7317

Number of nodes at each level:
  Level 0: 1 node(s)
  Level 1: 3 node(s)
  Level 2: 8 node(s)
  Level 3: 21 node(s)
  Level 4: 50 node(s)
  Level 5: 119 node(s)
  Level 6: 291 node(s)
  Level 7: 701 node(s)
  Level 8: 1409 node(s)
  Level 9: 2233 node(s)
  Level 10: 2811 node(s)
  Level 11: 2492 node(s)
  Level 12: 1541 node(s)
  Level 13: 601 node(s)
  Level 14: 115 node(s)
  Level 15: 18 node(s)
  Level 16: 2 node(s)
  Level 17: 2 node(s)
Number of leaves at each level:
  Level 5: 3 lea(f/ves)
  Level 6: 16 lea(f/ves)
  Level 7: 148 lea(f/ves)
  Level 8: 525 lea(f/ves)
  Level 9: 1095 lea(f/ves)
  Level 10: 1759 lea(f/ves)
  Level 11: 1830 lea(f/ves)
  Level 12: 1268 lea(f/ves)
  Level 13: 546 lea(f/ves)
  Level 14: 107 lea(f/ves)
  Level 15: 17 lea(f/ves)
  Level 16: 1 lea(f/ves)
  Level 17: 2 lea(f/ves)

Parent nodes by number of children:
 3199 parent(s) with 2 child(ren)
 1610 parent(s) with 3 child(ren)
 272 parent(s) with 4 child(ren)
 19 parent(s) with 5 child(ren)
 1 parent(s) with 6 child(ren)
20 NewsGroups Topic Modeling completed at Sun 21 Dec 2025 06:21:48 AM EST
